0 info it worked if it ends with ok
1 verbose cli [ '/home/fhorta/miniconda2/envs/bigdata/bin/node',
1 verbose cli   '/home/fhorta/miniconda2/envs/bigdata/bin/npm',
1 verbose cli   'install' ]
2 info using npm@2.14.20
3 info using node@v4.4.1
4 verbose readDependencies loading dependencies from /home/fhorta/dev/bigdata-project/package.json
5 error install Couldn't read dependencies
6 verbose stack Error: ENOENT: no such file or directory, open '/home/fhorta/dev/bigdata-project/package.json'
6 verbose stack     at Error (native)
7 verbose cwd /home/fhorta/dev/bigdata-project/web/static
8 error Linux 4.8.0-49-generic
9 error argv "/home/fhorta/miniconda2/envs/bigdata/bin/node" "/home/fhorta/miniconda2/envs/bigdata/bin/npm" "install"
10 error node v4.4.1
11 error npm  v2.14.20
12 error path /home/fhorta/dev/bigdata-project/package.json
13 error code ENOPACKAGEJSON
14 error errno -2
15 error syscall open
16 error package.json ENOENT: no such file or directory, open '/home/fhorta/dev/bigdata-project/package.json'
16 error package.json This is most likely not a problem with npm itself.
16 error package.json npm can't find a package.json file in your current directory.
17 verbose exit [ -2, true ]
